<?xml version="1.0" encoding="UTF-8"?>
<testsuite xmlns:xsi="http://www.w3.org/2001/XMLSchema-instance" xsi:noNamespaceSchemaLocation="https://maven.apache.org/surefire/maven-failsafe-plugin/xsd/failsafe-test-report.xsd" name="it.dev.appsody.starter.HealthEndpointTest" time="0.842" tests="2" errors="0" skipped="0" failures="0">
  <properties>
[...]
</properties>
  <testcase name="testLivenessEndpoint" classname="it.dev.appsody.starter.HealthEndpointTest" time="0.7"/>
  <testcase name="testReadinessEndpoint" classname="it.dev.appsody.starter.HealthEndpointTest" time="0.04"/>
</testsuite>